<?xml version="1.0" encoding="UTF-8"?>
<testsuite name="ServiceTest" tests="1" skipped="0" failures="0" errors="0" timestamp="2021-10-23T17:00:58" hostname="LAPTOP-7L4PLO1P" time="0.028">
  <properties/>
  <testcase name="get" classname="ServiceTest" time="0.028"/>
  <system-out><![CDATA[]]></system-out>
  <system-err><![CDATA[]]></system-err>
</testsuite>
